<?xml version="1.0" encoding="UTF-8"?>
<!-- Generated by org.testng.reporters.JUnitXMLReporter -->
<testsuite ignored="1" hostname="DESKTOP-K88N4KF" failures="0" tests="1" name="Default test" time="47.743" errors="0" timestamp="2023-02-27T12:57:17 IST">
  <testcase classname="com.orangehrprojects.Timefunctionpage" name="validatetimeSheet" time="34.77"/>
  <testcase classname="com.orangehrprojects.Timefunctionpage" name="validatetimeSheetwithinvaliddata" time="0.0">
    <ignored/>
  </testcase> <!-- validatetimeSheetwithinvaliddata -->
</testsuite> <!-- Default test -->
