<?xml version="1.0" encoding="UTF-8"?>
<testng-results ignored="1" total="2" passed="1" failed="0" skipped="0">
  <reporter-output>
  </reporter-output>
  <suite started-at="2023-02-27T12:56:29 IST" name="Default suite" finished-at="2023-02-27T12:57:17 IST" duration-ms="47743">
    <groups>
    </groups>
    <test started-at="2023-02-27T12:56:29 IST" name="Default test" finished-at="2023-02-27T12:57:17 IST" duration-ms="47743">
      <class name="com.orangehrprojects.Timefunctionpage">
        <test-method is-config="true" signature="beforemethod()[pri:0, instance:com.orangehrprojects.Timefunctionpage@6c80d78a]" started-at="2023-02-27T12:56:29 IST" name="beforemethod" finished-at="2023-02-27T12:56:42 IST" duration-ms="12895" status="PASS">
          <reporter-output>
          </reporter-output>
        </test-method> <!-- beforemethod -->
        <test-method signature="validatetimeSheet()[pri:0, instance:com.orangehrprojects.Timefunctionpage@6c80d78a]" started-at="2023-02-27T12:56:42 IST" name="validatetimeSheet" finished-at="2023-02-27T12:57:17 IST" duration-ms="34770" status="PASS">
          <reporter-output>
          </reporter-output>
        </test-method> <!-- validatetimeSheet -->
        <test-method is-config="true" signature="aftermethod()[pri:0, instance:com.orangehrprojects.Timefunctionpage@6c80d78a]" started-at="2023-02-27T12:57:17 IST" name="aftermethod" finished-at="2023-02-27T12:57:17 IST" duration-ms="3" status="PASS">
          <reporter-output>
          </reporter-output>
        </test-method> <!-- aftermethod -->
      </class> <!-- com.orangehrprojects.Timefunctionpage -->
    </test> <!-- Default test -->
  </suite> <!-- Default suite -->
</testng-results>
